<?xml version="1.0" encoding="UTF-8"?>
<!-- Generated by org.testng.reporters.JUnitReportReporter -->
<testsuite hostname="Santoshs-Air.lan" failures="0" tests="3" name="parameterization.DataProviderWithExcel" time="25.693" errors="0" timestamp="2024-04-03T17:27:28 IST" skipped="0">
  <testcase classname="parameterization.DataProviderWithExcel" name="verifySearchCourseOnGoogle" time="9.137"/>
  <testcase classname="parameterization.DataProviderWithExcel" name="verifySearchCourseOnGoogle" time="8.298"/>
  <testcase classname="parameterization.DataProviderWithExcel" name="verifySearchCourseOnGoogle" time="8.258"/>
</testsuite> <!-- parameterization.DataProviderWithExcel -->
